Connecting to database specified by database.yml
  [1m[36m (0.0ms)[0m  [1mSELECT "schema_migrations"."version" FROM "schema_migrations" [0m
Migrating to CreateMovies (20111119180638)
  [1m[35m (0.0ms)[0m  select sqlite_version(*)
  [1m[36m (0.0ms)[0m  [1mSELECT "schema_migrations"."version" FROM "schema_migrations" [0m
Connecting to database specified by database.yml
Connecting to database specified by database.yml
  [1m[36m (0.1ms)[0m  [1mSELECT "schema_migrations"."version" FROM "schema_migrations" [0m
Migrating to CreateMovies (20111119180638)
Migrating to AddDirectorToMovies (20151008033340)
  [1m[35m (0.0ms)[0m  select sqlite_version(*)
  [1m[36m (0.0ms)[0m  [1mbegin transaction[0m
  [1m[35m (0.2ms)[0m  ALTER TABLE "movies" ADD "director" varchar(255)
  [1m[36m (0.1ms)[0m  [1mINSERT INTO "schema_migrations" ("version") VALUES ('20151008033340')[0m
  [1m[35m (179.6ms)[0m  commit transaction
  [1m[36m (0.1ms)[0m  [1mSELECT "schema_migrations"."version" FROM "schema_migrations" [0m
Connecting to database specified by database.yml
  [1m[36m (0.0ms)[0m  [1mSELECT "schema_migrations"."version" FROM "schema_migrations" [0m
  [1m[35m (0.1ms)[0m  select sqlite_version(*)
  [1m[36m (204.7ms)[0m  [1mCREATE TABLE "movies" ("id" INTEGER PRIMARY KEY AUTOINCREMENT NOT NULL, "title" varchar(255), "rating" varchar(255), "description" text, "release_date" datetime, "created_at" datetime, "updated_at" datetime, "director" varchar(255)) [0m
  [1m[35m (111.8ms)[0m  CREATE TABLE "schema_migrations" ("version" varchar(255) NOT NULL) 
  [1m[36m (100.4ms)[0m  [1mCREATE UNIQUE INDEX "unique_schema_migrations" ON "schema_migrations" ("version")[0m
  [1m[35m (0.1ms)[0m  SELECT version FROM "schema_migrations"
  [1m[36m (99.2ms)[0m  [1mINSERT INTO "schema_migrations" (version) VALUES ('20151008033340')[0m
  [1m[35m (100.5ms)[0m  INSERT INTO "schema_migrations" (version) VALUES ('20111119180638')
Connecting to database specified by database.yml


Started GET "/movies" for 127.0.0.1 at 2015-10-07 22:38:23 -0500
Connecting to database specified by database.yml
Processing by MoviesController#index as HTML
  [1m[36mMovie Load (0.1ms)[0m  [1mSELECT "movies".* FROM "movies" WHERE "movies"."rating" IN ('G', 'PG', 'PG-13', 'NC-17', 'R')[0m
  Rendered movies/index.html.haml within layouts/application (10.5ms)
Compiled application.css  (0ms)  (pid 21652)
Compiled jquery.js  (3ms)  (pid 21652)
Compiled jquery_ujs.js  (0ms)  (pid 21652)
Compiled application.js  (7ms)  (pid 21652)
Completed 200 OK in 46.8ms (Views: 33.0ms | ActiveRecord: 0.8ms)


Started GET "/assets/application.css?body=1" for 127.0.0.1 at 2015-10-07 22:38:23 -0500
Served asset /application.css - 304 Not Modified (6ms)


Started GET "/assets/jquery.js?body=1" for 127.0.0.1 at 2015-10-07 22:38:23 -0500
Served asset /jquery.js - 304 Not Modified (4ms)


Started GET "/assets/jquery_ujs.js?body=1" for 127.0.0.1 at 2015-10-07 22:38:23 -0500
Served asset /jquery_ujs.js - 304 Not Modified (1ms)


Started GET "/assets/application.js?body=1" for 127.0.0.1 at 2015-10-07 22:38:23 -0500
Served asset /application.js - 304 Not Modified (5ms)


Started GET "/movies/11" for 127.0.0.1 at 2015-10-07 22:38:36 -0500
Processing by MoviesController#show as HTML
  Parameters: {"id"=>"11"}
  [1m[35mMovie Load (0.1ms)[0m  SELECT "movies".* FROM "movies" WHERE "movies"."id" = ? LIMIT 1  [["id", "11"]]
  Rendered movies/show.html.haml within layouts/application (2.1ms)
Completed 200 OK in 5.6ms (Views: 4.2ms | ActiveRecord: 0.1ms)


Started GET "/assets/application.css?body=1" for 127.0.0.1 at 2015-10-07 22:38:36 -0500
Served asset /application.css - 304 Not Modified (0ms)


Started GET "/assets/jquery.js?body=1" for 127.0.0.1 at 2015-10-07 22:38:36 -0500
Served asset /jquery.js - 304 Not Modified (0ms)


Started GET "/assets/jquery_ujs.js?body=1" for 127.0.0.1 at 2015-10-07 22:38:36 -0500
Served asset /jquery_ujs.js - 304 Not Modified (0ms)


Started GET "/assets/application.js?body=1" for 127.0.0.1 at 2015-10-07 22:38:36 -0500
Served asset /application.js - 304 Not Modified (1ms)


Started DELETE "/movies/11" for 127.0.0.1 at 2015-10-07 22:38:40 -0500
Processing by MoviesController#destroy as HTML
  Parameters: {"authenticity_token"=>"ZNFELgjTayjTRSmwj3o2rjCx+plKdbeeQEdjeruX1lc=", "id"=>"11"}
  [1m[36mMovie Load (0.1ms)[0m  [1mSELECT "movies".* FROM "movies" WHERE "movies"."id" = ? LIMIT 1[0m  [["id", "11"]]
  [1m[35m (0.1ms)[0m  begin transaction
  [1m[36mSQL (3.6ms)[0m  [1mDELETE FROM "movies" WHERE "movies"."id" = ?[0m  [["id", 11]]
  [1m[35m (225.7ms)[0m  commit transaction
Redirected to http://localhost:3000/movies
Completed 302 Found in 232.1ms (ActiveRecord: 229.4ms)


Started GET "/movies" for 127.0.0.1 at 2015-10-07 22:38:40 -0500
Processing by MoviesController#index as HTML
  [1m[36mMovie Load (0.3ms)[0m  [1mSELECT "movies".* FROM "movies" WHERE "movies"."rating" IN ('G', 'PG', 'PG-13', 'NC-17', 'R')[0m
  Rendered movies/index.html.haml within layouts/application (6.6ms)
Completed 200 OK in 10.8ms (Views: 9.1ms | ActiveRecord: 0.3ms)


Started GET "/assets/application.css?body=1" for 127.0.0.1 at 2015-10-07 22:38:41 -0500
Served asset /application.css - 304 Not Modified (0ms)


Started GET "/assets/jquery.js?body=1" for 127.0.0.1 at 2015-10-07 22:38:41 -0500
Served asset /jquery.js - 304 Not Modified (0ms)


Started GET "/assets/jquery_ujs.js?body=1" for 127.0.0.1 at 2015-10-07 22:38:41 -0500
Served asset /jquery_ujs.js - 304 Not Modified (0ms)


Started GET "/assets/application.js?body=1" for 127.0.0.1 at 2015-10-07 22:38:41 -0500
Served asset /application.js - 304 Not Modified (0ms)


Started GET "/movies/12" for 127.0.0.1 at 2015-10-07 22:38:48 -0500
Processing by MoviesController#show as HTML
  Parameters: {"id"=>"12"}
  [1m[35mMovie Load (0.1ms)[0m  SELECT "movies".* FROM "movies" WHERE "movies"."id" = ? LIMIT 1  [["id", "12"]]
  Rendered movies/show.html.haml within layouts/application (0.8ms)
Completed 200 OK in 3.5ms (Views: 2.8ms | ActiveRecord: 0.1ms)


Started GET "/assets/application.css?body=1" for 127.0.0.1 at 2015-10-07 22:38:48 -0500
Served asset /application.css - 304 Not Modified (0ms)


Started GET "/assets/jquery.js?body=1" for 127.0.0.1 at 2015-10-07 22:38:48 -0500
Served asset /jquery.js - 304 Not Modified (6ms)


Started GET "/assets/application.js?body=1" for 127.0.0.1 at 2015-10-07 22:38:48 -0500
Served asset /application.js - 304 Not Modified (1ms)


Started GET "/assets/jquery_ujs.js?body=1" for 127.0.0.1 at 2015-10-07 22:38:48 -0500
Served asset /jquery_ujs.js - 304 Not Modified (0ms)


Started DELETE "/movies/12" for 127.0.0.1 at 2015-10-07 22:38:52 -0500
Processing by MoviesController#destroy as HTML
  Parameters: {"authenticity_token"=>"ZNFELgjTayjTRSmwj3o2rjCx+plKdbeeQEdjeruX1lc=", "id"=>"12"}
  [1m[36mMovie Load (0.1ms)[0m  [1mSELECT "movies".* FROM "movies" WHERE "movies"."id" = ? LIMIT 1[0m  [["id", "12"]]
  [1m[35m (0.0ms)[0m  begin transaction
  [1m[36mSQL (0.1ms)[0m  [1mDELETE FROM "movies" WHERE "movies"."id" = ?[0m  [["id", 12]]
  [1m[35m (307.3ms)[0m  commit transaction
Redirected to http://localhost:3000/movies
Completed 302 Found in 309.2ms (ActiveRecord: 307.5ms)


Started GET "/movies" for 127.0.0.1 at 2015-10-07 22:38:53 -0500
Processing by MoviesController#index as HTML
  [1m[36mMovie Load (0.2ms)[0m  [1mSELECT "movies".* FROM "movies" WHERE "movies"."rating" IN ('G', 'PG', 'PG-13', 'NC-17', 'R')[0m
  Rendered movies/index.html.haml within layouts/application (4.7ms)
Completed 200 OK in 8.0ms (Views: 6.9ms | ActiveRecord: 0.2ms)


Started GET "/assets/application.css?body=1" for 127.0.0.1 at 2015-10-07 22:38:53 -0500
Served asset /application.css - 304 Not Modified (3ms)


Started GET "/assets/jquery.js?body=1" for 127.0.0.1 at 2015-10-07 22:38:53 -0500
Served asset /jquery.js - 304 Not Modified (0ms)


Started GET "/assets/jquery_ujs.js?body=1" for 127.0.0.1 at 2015-10-07 22:38:53 -0500
Served asset /jquery_ujs.js - 304 Not Modified (0ms)


Started GET "/assets/application.js?body=1" for 127.0.0.1 at 2015-10-07 22:38:53 -0500
Served asset /application.js - 304 Not Modified (1ms)


Started GET "/movies/13" for 127.0.0.1 at 2015-10-07 22:38:58 -0500
Processing by MoviesController#show as HTML
  Parameters: {"id"=>"13"}
  [1m[35mMovie Load (0.1ms)[0m  SELECT "movies".* FROM "movies" WHERE "movies"."id" = ? LIMIT 1  [["id", "13"]]
  Rendered movies/show.html.haml within layouts/application (0.9ms)
Completed 200 OK in 3.7ms (Views: 3.1ms | ActiveRecord: 0.1ms)


Started GET "/assets/application.css?body=1" for 127.0.0.1 at 2015-10-07 22:38:58 -0500
Served asset /application.css - 304 Not Modified (2ms)


Started GET "/assets/jquery.js?body=1" for 127.0.0.1 at 2015-10-07 22:38:58 -0500
Served asset /jquery.js - 304 Not Modified (0ms)


Started GET "/assets/application.js?body=1" for 127.0.0.1 at 2015-10-07 22:38:58 -0500
Served asset /application.js - 304 Not Modified (1ms)


Started GET "/assets/jquery_ujs.js?body=1" for 127.0.0.1 at 2015-10-07 22:38:58 -0500
Served asset /jquery_ujs.js - 304 Not Modified (0ms)


Started DELETE "/movies/13" for 127.0.0.1 at 2015-10-07 22:39:02 -0500
Processing by MoviesController#destroy as HTML
  Parameters: {"authenticity_token"=>"ZNFELgjTayjTRSmwj3o2rjCx+plKdbeeQEdjeruX1lc=", "id"=>"13"}
  [1m[36mMovie Load (0.1ms)[0m  [1mSELECT "movies".* FROM "movies" WHERE "movies"."id" = ? LIMIT 1[0m  [["id", "13"]]
  [1m[35m (0.1ms)[0m  begin transaction
  [1m[36mSQL (0.1ms)[0m  [1mDELETE FROM "movies" WHERE "movies"."id" = ?[0m  [["id", 13]]
  [1m[35m (226.5ms)[0m  commit transaction
Redirected to http://localhost:3000/movies
Completed 302 Found in 229.0ms (ActiveRecord: 226.8ms)


Started GET "/movies" for 127.0.0.1 at 2015-10-07 22:39:02 -0500
Processing by MoviesController#index as HTML
  [1m[36mMovie Load (0.2ms)[0m  [1mSELECT "movies".* FROM "movies" WHERE "movies"."rating" IN ('G', 'PG', 'PG-13', 'NC-17', 'R')[0m
  Rendered movies/index.html.haml within layouts/application (5.0ms)
Completed 200 OK in 8.1ms (Views: 7.0ms | ActiveRecord: 0.2ms)


Started GET "/assets/jquery.js?body=1" for 127.0.0.1 at 2015-10-07 22:39:03 -0500
Served asset /jquery.js - 304 Not Modified (3ms)


Started GET "/assets/application.css?body=1" for 127.0.0.1 at 2015-10-07 22:39:03 -0500
Served asset /application.css - 304 Not Modified (0ms)


Started GET "/assets/jquery_ujs.js?body=1" for 127.0.0.1 at 2015-10-07 22:39:03 -0500
Served asset /jquery_ujs.js - 304 Not Modified (0ms)


Started GET "/assets/application.js?body=1" for 127.0.0.1 at 2015-10-07 22:39:03 -0500
Served asset /application.js - 304 Not Modified (0ms)


Started GET "/movies/14" for 127.0.0.1 at 2015-10-07 22:39:07 -0500
Processing by MoviesController#show as HTML
  Parameters: {"id"=>"14"}
  [1m[35mMovie Load (0.1ms)[0m  SELECT "movies".* FROM "movies" WHERE "movies"."id" = ? LIMIT 1  [["id", "14"]]
  Rendered movies/show.html.haml within layouts/application (0.8ms)
Completed 200 OK in 4.2ms (Views: 3.5ms | ActiveRecord: 0.1ms)


Started GET "/assets/application.css?body=1" for 127.0.0.1 at 2015-10-07 22:39:08 -0500
Served asset /application.css - 304 Not Modified (1ms)


Started GET "/assets/jquery.js?body=1" for 127.0.0.1 at 2015-10-07 22:39:08 -0500
Served asset /jquery.js - 304 Not Modified (0ms)


Started GET "/assets/jquery_ujs.js?body=1" for 127.0.0.1 at 2015-10-07 22:39:08 -0500
Served asset /jquery_ujs.js - 304 Not Modified (0ms)


Started GET "/assets/application.js?body=1" for 127.0.0.1 at 2015-10-07 22:39:08 -0500
Served asset /application.js - 304 Not Modified (1ms)


Started DELETE "/movies/14" for 127.0.0.1 at 2015-10-07 22:39:11 -0500
Processing by MoviesController#destroy as HTML
  Parameters: {"authenticity_token"=>"ZNFELgjTayjTRSmwj3o2rjCx+plKdbeeQEdjeruX1lc=", "id"=>"14"}
  [1m[36mMovie Load (0.1ms)[0m  [1mSELECT "movies".* FROM "movies" WHERE "movies"."id" = ? LIMIT 1[0m  [["id", "14"]]
  [1m[35m (0.1ms)[0m  begin transaction
  [1m[36mSQL (0.1ms)[0m  [1mDELETE FROM "movies" WHERE "movies"."id" = ?[0m  [["id", 14]]
  [1m[35m (248.2ms)[0m  commit transaction
Redirected to http://localhost:3000/movies
Completed 302 Found in 251.3ms (ActiveRecord: 248.5ms)


Started GET "/movies" for 127.0.0.1 at 2015-10-07 22:39:12 -0500
Processing by MoviesController#index as HTML
  [1m[36mMovie Load (0.8ms)[0m  [1mSELECT "movies".* FROM "movies" WHERE "movies"."rating" IN ('G', 'PG', 'PG-13', 'NC-17', 'R')[0m
  Rendered movies/index.html.haml within layouts/application (6.6ms)
Completed 200 OK in 12.1ms (Views: 9.3ms | ActiveRecord: 0.8ms)


Started GET "/assets/application.css?body=1" for 127.0.0.1 at 2015-10-07 22:39:12 -0500
Served asset /application.css - 304 Not Modified (0ms)


Started GET "/assets/jquery.js?body=1" for 127.0.0.1 at 2015-10-07 22:39:12 -0500
Served asset /jquery.js - 304 Not Modified (0ms)


Started GET "/assets/jquery_ujs.js?body=1" for 127.0.0.1 at 2015-10-07 22:39:12 -0500
Served asset /jquery_ujs.js - 304 Not Modified (0ms)


Started GET "/assets/application.js?body=1" for 127.0.0.1 at 2015-10-07 22:39:12 -0500
Served asset /application.js - 304 Not Modified (0ms)


Started GET "/movies/15" for 127.0.0.1 at 2015-10-07 22:39:15 -0500
Processing by MoviesController#show as HTML
  Parameters: {"id"=>"15"}
  [1m[35mMovie Load (0.1ms)[0m  SELECT "movies".* FROM "movies" WHERE "movies"."id" = ? LIMIT 1  [["id", "15"]]
  Rendered movies/show.html.haml within layouts/application (0.9ms)
Completed 200 OK in 3.9ms (Views: 3.3ms | ActiveRecord: 0.1ms)


Started GET "/assets/application.css?body=1" for 127.0.0.1 at 2015-10-07 22:39:15 -0500
Served asset /application.css - 304 Not Modified (1ms)


Started GET "/assets/jquery.js?body=1" for 127.0.0.1 at 2015-10-07 22:39:15 -0500
Served asset /jquery.js - 304 Not Modified (0ms)


Started GET "/assets/jquery_ujs.js?body=1" for 127.0.0.1 at 2015-10-07 22:39:15 -0500
Served asset /jquery_ujs.js - 304 Not Modified (0ms)


Started GET "/assets/application.js?body=1" for 127.0.0.1 at 2015-10-07 22:39:15 -0500
Served asset /application.js - 304 Not Modified (1ms)


Started DELETE "/movies/15" for 127.0.0.1 at 2015-10-07 22:39:19 -0500
Processing by MoviesController#destroy as HTML
  Parameters: {"authenticity_token"=>"ZNFELgjTayjTRSmwj3o2rjCx+plKdbeeQEdjeruX1lc=", "id"=>"15"}
  [1m[36mMovie Load (0.1ms)[0m  [1mSELECT "movies".* FROM "movies" WHERE "movies"."id" = ? LIMIT 1[0m  [["id", "15"]]
  [1m[35m (0.0ms)[0m  begin transaction
  [1m[36mSQL (0.1ms)[0m  [1mDELETE FROM "movies" WHERE "movies"."id" = ?[0m  [["id", 15]]
  [1m[35m (231.0ms)[0m  commit transaction
Redirected to http://localhost:3000/movies
Completed 302 Found in 232.5ms (ActiveRecord: 231.2ms)


Started GET "/movies" for 127.0.0.1 at 2015-10-07 22:39:20 -0500
Processing by MoviesController#index as HTML
  [1m[36mMovie Load (0.2ms)[0m  [1mSELECT "movies".* FROM "movies" WHERE "movies"."rating" IN ('G', 'PG', 'PG-13', 'NC-17', 'R')[0m
  Rendered movies/index.html.haml within layouts/application (6.8ms)
Completed 200 OK in 11.5ms (Views: 10.5ms | ActiveRecord: 0.2ms)


Started GET "/assets/application.css?body=1" for 127.0.0.1 at 2015-10-07 22:39:20 -0500
Served asset /application.css - 304 Not Modified (0ms)


Started GET "/assets/jquery.js?body=1" for 127.0.0.1 at 2015-10-07 22:39:20 -0500
Served asset /jquery.js - 304 Not Modified (0ms)


Started GET "/assets/jquery_ujs.js?body=1" for 127.0.0.1 at 2015-10-07 22:39:20 -0500
Served asset /jquery_ujs.js - 304 Not Modified (0ms)


Started GET "/assets/application.js?body=1" for 127.0.0.1 at 2015-10-07 22:39:20 -0500
Served asset /application.js - 304 Not Modified (0ms)


Started GET "/movies/16" for 127.0.0.1 at 2015-10-07 22:39:24 -0500
Processing by MoviesController#show as HTML
  Parameters: {"id"=>"16"}
  [1m[35mMovie Load (0.2ms)[0m  SELECT "movies".* FROM "movies" WHERE "movies"."id" = ? LIMIT 1  [["id", "16"]]
  Rendered movies/show.html.haml within layouts/application (2.1ms)
Completed 200 OK in 9.9ms (Views: 8.4ms | ActiveRecord: 0.2ms)


Started GET "/assets/application.css?body=1" for 127.0.0.1 at 2015-10-07 22:39:25 -0500
Served asset /application.css - 304 Not Modified (0ms)


Started GET "/assets/jquery.js?body=1" for 127.0.0.1 at 2015-10-07 22:39:25 -0500
Served asset /jquery.js - 304 Not Modified (0ms)


Started GET "/assets/application.js?body=1" for 127.0.0.1 at 2015-10-07 22:39:25 -0500
Served asset /application.js - 304 Not Modified (4ms)


Started GET "/assets/jquery_ujs.js?body=1" for 127.0.0.1 at 2015-10-07 22:39:25 -0500
Served asset /jquery_ujs.js - 304 Not Modified (0ms)


Started DELETE "/movies/16" for 127.0.0.1 at 2015-10-07 22:39:28 -0500
Processing by MoviesController#destroy as HTML
  Parameters: {"authenticity_token"=>"ZNFELgjTayjTRSmwj3o2rjCx+plKdbeeQEdjeruX1lc=", "id"=>"16"}
  [1m[36mMovie Load (0.1ms)[0m  [1mSELECT "movies".* FROM "movies" WHERE "movies"."id" = ? LIMIT 1[0m  [["id", "16"]]
  [1m[35m (0.0ms)[0m  begin transaction
  [1m[36mSQL (0.1ms)[0m  [1mDELETE FROM "movies" WHERE "movies"."id" = ?[0m  [["id", 16]]
  [1m[35m (244.5ms)[0m  commit transaction
Redirected to http://localhost:3000/movies
Completed 302 Found in 246.7ms (ActiveRecord: 244.7ms)


Started GET "/movies" for 127.0.0.1 at 2015-10-07 22:39:29 -0500
Processing by MoviesController#index as HTML
  [1m[36mMovie Load (0.2ms)[0m  [1mSELECT "movies".* FROM "movies" WHERE "movies"."rating" IN ('G', 'PG', 'PG-13', 'NC-17', 'R')[0m
  Rendered movies/index.html.haml within layouts/application (3.8ms)
Completed 200 OK in 17.7ms (Views: 6.3ms | ActiveRecord: 0.2ms)


Started GET "/assets/application.css?body=1" for 127.0.0.1 at 2015-10-07 22:39:29 -0500
Served asset /application.css - 304 Not Modified (0ms)


Started GET "/assets/jquery.js?body=1" for 127.0.0.1 at 2015-10-07 22:39:29 -0500
Served asset /jquery.js - 304 Not Modified (0ms)


Started GET "/assets/application.js?body=1" for 127.0.0.1 at 2015-10-07 22:39:29 -0500
Served asset /application.js - 304 Not Modified (0ms)


Started GET "/assets/jquery_ujs.js?body=1" for 127.0.0.1 at 2015-10-07 22:39:29 -0500
Served asset /jquery_ujs.js - 304 Not Modified (0ms)


Started GET "/movies/17" for 127.0.0.1 at 2015-10-07 22:39:32 -0500
Processing by MoviesController#show as HTML
  Parameters: {"id"=>"17"}
  [1m[35mMovie Load (0.1ms)[0m  SELECT "movies".* FROM "movies" WHERE "movies"."id" = ? LIMIT 1  [["id", "17"]]
  Rendered movies/show.html.haml within layouts/application (0.7ms)
Completed 200 OK in 3.1ms (Views: 2.6ms | ActiveRecord: 0.1ms)


Started GET "/assets/jquery.js?body=1" for 127.0.0.1 at 2015-10-07 22:39:32 -0500
Served asset /jquery.js - 304 Not Modified (3ms)


Started GET "/assets/application.css?body=1" for 127.0.0.1 at 2015-10-07 22:39:32 -0500
Served asset /application.css - 304 Not Modified (0ms)


Started GET "/assets/jquery_ujs.js?body=1" for 127.0.0.1 at 2015-10-07 22:39:32 -0500
Served asset /jquery_ujs.js - 304 Not Modified (0ms)


Started GET "/assets/application.js?body=1" for 127.0.0.1 at 2015-10-07 22:39:32 -0500
Served asset /application.js - 304 Not Modified (1ms)


Started DELETE "/movies/17" for 127.0.0.1 at 2015-10-07 22:39:36 -0500
Processing by MoviesController#destroy as HTML
  Parameters: {"authenticity_token"=>"ZNFELgjTayjTRSmwj3o2rjCx+plKdbeeQEdjeruX1lc=", "id"=>"17"}
  [1m[36mMovie Load (0.1ms)[0m  [1mSELECT "movies".* FROM "movies" WHERE "movies"."id" = ? LIMIT 1[0m  [["id", "17"]]
  [1m[35m (0.1ms)[0m  begin transaction
  [1m[36mSQL (0.1ms)[0m  [1mDELETE FROM "movies" WHERE "movies"."id" = ?[0m  [["id", 17]]
  [1m[35m (238.8ms)[0m  commit transaction
Redirected to http://localhost:3000/movies
Completed 302 Found in 241.1ms (ActiveRecord: 239.0ms)


Started GET "/movies" for 127.0.0.1 at 2015-10-07 22:39:36 -0500
Processing by MoviesController#index as HTML
  [1m[36mMovie Load (0.4ms)[0m  [1mSELECT "movies".* FROM "movies" WHERE "movies"."rating" IN ('G', 'PG', 'PG-13', 'NC-17', 'R')[0m
  Rendered movies/index.html.haml within layouts/application (3.6ms)
Completed 200 OK in 7.9ms (Views: 6.1ms | ActiveRecord: 0.4ms)


Started GET "/assets/jquery.js?body=1" for 127.0.0.1 at 2015-10-07 22:39:36 -0500
Served asset /jquery.js - 304 Not Modified (3ms)


Started GET "/assets/application.css?body=1" for 127.0.0.1 at 2015-10-07 22:39:36 -0500
Served asset /application.css - 304 Not Modified (0ms)


Started GET "/assets/application.js?body=1" for 127.0.0.1 at 2015-10-07 22:39:36 -0500
Served asset /application.js - 304 Not Modified (1ms)


Started GET "/assets/jquery_ujs.js?body=1" for 127.0.0.1 at 2015-10-07 22:39:36 -0500
Served asset /jquery_ujs.js - 304 Not Modified (0ms)


Started GET "/movies/18" for 127.0.0.1 at 2015-10-07 22:39:38 -0500
Processing by MoviesController#show as HTML
  Parameters: {"id"=>"18"}
  [1m[35mMovie Load (0.1ms)[0m  SELECT "movies".* FROM "movies" WHERE "movies"."id" = ? LIMIT 1  [["id", "18"]]
  Rendered movies/show.html.haml within layouts/application (0.8ms)
Completed 200 OK in 3.3ms (Views: 2.7ms | ActiveRecord: 0.1ms)


Started GET "/assets/application.css?body=1" for 127.0.0.1 at 2015-10-07 22:39:38 -0500
Served asset /application.css - 304 Not Modified (1ms)


Started GET "/assets/jquery.js?body=1" for 127.0.0.1 at 2015-10-07 22:39:38 -0500
Served asset /jquery.js - 304 Not Modified (0ms)


Started GET "/assets/application.js?body=1" for 127.0.0.1 at 2015-10-07 22:39:38 -0500
Served asset /application.js - 304 Not Modified (1ms)


Started GET "/assets/jquery_ujs.js?body=1" for 127.0.0.1 at 2015-10-07 22:39:38 -0500
Served asset /jquery_ujs.js - 304 Not Modified (0ms)


Started DELETE "/movies/18" for 127.0.0.1 at 2015-10-07 22:39:42 -0500
Processing by MoviesController#destroy as HTML
  Parameters: {"authenticity_token"=>"ZNFELgjTayjTRSmwj3o2rjCx+plKdbeeQEdjeruX1lc=", "id"=>"18"}
  [1m[36mMovie Load (0.1ms)[0m  [1mSELECT "movies".* FROM "movies" WHERE "movies"."id" = ? LIMIT 1[0m  [["id", "18"]]
  [1m[35m (0.0ms)[0m  begin transaction
  [1m[36mSQL (0.1ms)[0m  [1mDELETE FROM "movies" WHERE "movies"."id" = ?[0m  [["id", 18]]
  [1m[35m (253.8ms)[0m  commit transaction
Redirected to http://localhost:3000/movies
Completed 302 Found in 255.5ms (ActiveRecord: 254.0ms)


Started GET "/movies" for 127.0.0.1 at 2015-10-07 22:39:42 -0500
Processing by MoviesController#index as HTML
  [1m[36mMovie Load (0.3ms)[0m  [1mSELECT "movies".* FROM "movies" WHERE "movies"."rating" IN ('G', 'PG', 'PG-13', 'NC-17', 'R')[0m
  Rendered movies/index.html.haml within layouts/application (4.1ms)
Completed 200 OK in 7.6ms (Views: 6.4ms | ActiveRecord: 0.3ms)


Started GET "/assets/jquery.js?body=1" for 127.0.0.1 at 2015-10-07 22:39:42 -0500
Served asset /jquery.js - 304 Not Modified (3ms)


Started GET "/assets/application.css?body=1" for 127.0.0.1 at 2015-10-07 22:39:42 -0500
Served asset /application.css - 304 Not Modified (0ms)


Started GET "/assets/jquery_ujs.js?body=1" for 127.0.0.1 at 2015-10-07 22:39:42 -0500
Served asset /jquery_ujs.js - 304 Not Modified (0ms)


Started GET "/assets/application.js?body=1" for 127.0.0.1 at 2015-10-07 22:39:42 -0500
Served asset /application.js - 304 Not Modified (0ms)


Started GET "/movies/19" for 127.0.0.1 at 2015-10-07 22:39:44 -0500
Processing by MoviesController#show as HTML
  Parameters: {"id"=>"19"}
  [1m[35mMovie Load (0.1ms)[0m  SELECT "movies".* FROM "movies" WHERE "movies"."id" = ? LIMIT 1  [["id", "19"]]
  Rendered movies/show.html.haml within layouts/application (0.7ms)
Completed 200 OK in 3.1ms (Views: 2.6ms | ActiveRecord: 0.1ms)


Started GET "/assets/jquery.js?body=1" for 127.0.0.1 at 2015-10-07 22:39:44 -0500
Served asset /jquery.js - 304 Not Modified (3ms)


Started GET "/assets/application.css?body=1" for 127.0.0.1 at 2015-10-07 22:39:44 -0500
Served asset /application.css - 304 Not Modified (0ms)


Started GET "/assets/application.js?body=1" for 127.0.0.1 at 2015-10-07 22:39:44 -0500
Served asset /application.js - 304 Not Modified (1ms)


Started GET "/assets/jquery_ujs.js?body=1" for 127.0.0.1 at 2015-10-07 22:39:44 -0500
Served asset /jquery_ujs.js - 304 Not Modified (0ms)


Started DELETE "/movies/19" for 127.0.0.1 at 2015-10-07 22:39:47 -0500
Processing by MoviesController#destroy as HTML
  Parameters: {"authenticity_token"=>"ZNFELgjTayjTRSmwj3o2rjCx+plKdbeeQEdjeruX1lc=", "id"=>"19"}
  [1m[36mMovie Load (0.1ms)[0m  [1mSELECT "movies".* FROM "movies" WHERE "movies"."id" = ? LIMIT 1[0m  [["id", "19"]]
  [1m[35m (0.0ms)[0m  begin transaction
  [1m[36mSQL (0.1ms)[0m  [1mDELETE FROM "movies" WHERE "movies"."id" = ?[0m  [["id", 19]]
  [1m[35m (265.5ms)[0m  commit transaction
Redirected to http://localhost:3000/movies
Completed 302 Found in 267.0ms (ActiveRecord: 265.7ms)


Started GET "/movies" for 127.0.0.1 at 2015-10-07 22:39:48 -0500
Processing by MoviesController#index as HTML
  [1m[36mMovie Load (0.2ms)[0m  [1mSELECT "movies".* FROM "movies" WHERE "movies"."rating" IN ('G', 'PG', 'PG-13', 'NC-17', 'R')[0m
  Rendered movies/index.html.haml within layouts/application (2.9ms)
Completed 200 OK in 6.0ms (Views: 5.1ms | ActiveRecord: 0.2ms)


Started GET "/assets/application.css?body=1" for 127.0.0.1 at 2015-10-07 22:39:48 -0500
Served asset /application.css - 304 Not Modified (0ms)


Started GET "/assets/jquery.js?body=1" for 127.0.0.1 at 2015-10-07 22:39:48 -0500
Served asset /jquery.js - 304 Not Modified (4ms)


Started GET "/assets/application.js?body=1" for 127.0.0.1 at 2015-10-07 22:39:48 -0500
Served asset /application.js - 304 Not Modified (1ms)


Started GET "/assets/jquery_ujs.js?body=1" for 127.0.0.1 at 2015-10-07 22:39:48 -0500
Served asset /jquery_ujs.js - 304 Not Modified (0ms)


Started GET "/movies/20" for 127.0.0.1 at 2015-10-07 22:39:50 -0500
Processing by MoviesController#show as HTML
  Parameters: {"id"=>"20"}
  [1m[35mMovie Load (0.1ms)[0m  SELECT "movies".* FROM "movies" WHERE "movies"."id" = ? LIMIT 1  [["id", "20"]]
  Rendered movies/show.html.haml within layouts/application (1.1ms)
Completed 200 OK in 4.0ms (Views: 3.3ms | ActiveRecord: 0.1ms)


Started GET "/assets/application.css?body=1" for 127.0.0.1 at 2015-10-07 22:39:50 -0500
Served asset /application.css - 304 Not Modified (0ms)


Started GET "/assets/jquery.js?body=1" for 127.0.0.1 at 2015-10-07 22:39:50 -0500
Served asset /jquery.js - 304 Not Modified (0ms)


Started GET "/assets/application.js?body=1" for 127.0.0.1 at 2015-10-07 22:39:50 -0500
Served asset /application.js - 304 Not Modified (1ms)


Started GET "/assets/jquery_ujs.js?body=1" for 127.0.0.1 at 2015-10-07 22:39:50 -0500
Served asset /jquery_ujs.js - 304 Not Modified (0ms)


Started DELETE "/movies/20" for 127.0.0.1 at 2015-10-07 22:39:53 -0500
Processing by MoviesController#destroy as HTML
  Parameters: {"authenticity_token"=>"ZNFELgjTayjTRSmwj3o2rjCx+plKdbeeQEdjeruX1lc=", "id"=>"20"}
  [1m[36mMovie Load (0.1ms)[0m  [1mSELECT "movies".* FROM "movies" WHERE "movies"."id" = ? LIMIT 1[0m  [["id", "20"]]
  [1m[35m (0.0ms)[0m  begin transaction
  [1m[36mSQL (0.1ms)[0m  [1mDELETE FROM "movies" WHERE "movies"."id" = ?[0m  [["id", 20]]
  [1m[35m (247.2ms)[0m  commit transaction
Redirected to http://localhost:3000/movies
Completed 302 Found in 248.7ms (ActiveRecord: 247.4ms)


Started GET "/movies" for 127.0.0.1 at 2015-10-07 22:39:54 -0500
Processing by MoviesController#index as HTML
  [1m[36mMovie Load (0.3ms)[0m  [1mSELECT "movies".* FROM "movies" WHERE "movies"."rating" IN ('G', 'PG', 'PG-13', 'NC-17', 'R')[0m
  Rendered movies/index.html.haml within layouts/application (4.1ms)
Completed 200 OK in 8.5ms (Views: 6.9ms | ActiveRecord: 0.3ms)


Started GET "/assets/jquery.js?body=1" for 127.0.0.1 at 2015-10-07 22:39:54 -0500
Served asset /jquery.js - 304 Not Modified (3ms)


Started GET "/assets/application.css?body=1" for 127.0.0.1 at 2015-10-07 22:39:54 -0500
Served asset /application.css - 304 Not Modified (0ms)


Started GET "/assets/jquery_ujs.js?body=1" for 127.0.0.1 at 2015-10-07 22:39:54 -0500
Served asset /jquery_ujs.js - 304 Not Modified (0ms)


Started GET "/assets/application.js?body=1" for 127.0.0.1 at 2015-10-07 22:39:54 -0500
Served asset /application.js - 304 Not Modified (0ms)


Started GET "/movies" for 127.0.0.1 at 2015-10-07 22:39:58 -0500
Processing by MoviesController#index as HTML
  [1m[35mMovie Load (0.2ms)[0m  SELECT "movies".* FROM "movies" WHERE "movies"."rating" IN ('G', 'PG', 'PG-13', 'NC-17', 'R')
  Rendered movies/index.html.haml within layouts/application (3.3ms)
Completed 200 OK in 7.3ms (Views: 6.2ms | ActiveRecord: 0.2ms)


Started GET "/assets/application.css?body=1" for 127.0.0.1 at 2015-10-07 22:39:58 -0500
Served asset /application.css - 304 Not Modified (1ms)


Started GET "/assets/jquery.js?body=1" for 127.0.0.1 at 2015-10-07 22:39:58 -0500
Served asset /jquery.js - 304 Not Modified (0ms)


Started GET "/assets/jquery_ujs.js?body=1" for 127.0.0.1 at 2015-10-07 22:39:58 -0500
Served asset /jquery_ujs.js - 304 Not Modified (0ms)


Started GET "/assets/application.js?body=1" for 127.0.0.1 at 2015-10-07 22:39:58 -0500
Served asset /application.js - 304 Not Modified (0ms)
